<?xml version="1.0" encoding="UTF-8"?>
<testng-results ignored="0" total="1" passed="1" failed="0" skipped="0">
  <reporter-output>
  </reporter-output>
  <suite started-at="2024-01-24T15:42:41 IST" name="Default suite" finished-at="2024-01-24T15:43:03 IST" duration-ms="22457">
    <groups>
    </groups>
    <test started-at="2024-01-24T15:42:41 IST" name="Default test" finished-at="2024-01-24T15:43:03 IST" duration-ms="22457">
      <class name="com.Amazon.EndToEndScenario">
        <test-method signature="addToCartPage()[pri:0, instance:com.Amazon.EndToEndScenario@77fbd92c]" started-at="2024-01-24T15:42:41 IST" name="addToCartPage" finished-at="2024-01-24T15:43:03 IST" duration-ms="22386" status="PASS">
          <reporter-output>
          </reporter-output>
        </test-method> <!-- addToCartPage -->
      </class> <!-- com.Amazon.EndToEndScenario -->
    </test> <!-- Default test -->
  </suite> <!-- Default suite -->
</testng-results>
